#
# There is insufficient memory for the Java Runtime Environment to continue.
# Native memory allocation (mmap) failed to map 266338304 bytes for Failed to commit area from 0x0000000703400000 to 0x0000000713200000 of length 266338304.
# Possible reasons:
#   The system is out of physical RAM or swap space
#   The process is running with CompressedOops enabled, and the Java Heap may be blocking the growth of the native heap
# Possible solutions:
#   Reduce memory load on the system
#   Increase physical memory or swap space
#   Check if swap backing store is full
#   Decrease Java heap size (-Xmx/-Xms)
#   Decrease number of Java threads
#   Decrease Java thread stack sizes (-Xss)
#   Set larger code cache with -XX:ReservedCodeCacheSize=
# This output file may be truncated or incomplete.
#
#  Out of Memory Error (./open/src/hotspot/os/windows/os_windows.cpp:3293), pid=30444, tid=30460
#
# JRE version:  (11.0.20+9) (build )
# Java VM: Java HotSpot(TM) 64-Bit Server VM (11.0.20+9-LTS-256, mixed mode, sharing, tiered, compressed oops, g1 gc, windows-amd64)
# No core dump will be written. Minidumps are not enabled by default on client versions of Windows
#

---------------  S U M M A R Y ------------

Command Line: org.jetbrains.kotlin.cli.jvm.K2JVMCompiler @E:\project\react-native\MyApp\node_modules\react-native-vision-camera\android\build\20231202_12922569295635088845.compiler.options

Host: 12th Gen Intel(R) Core(TM) i7-12700, 20 cores, 15G,  Windows 11 , 64 bit Build 22621 (10.0.22621.2070)
Time: Sat Dec  2 22:31:45 2023  Windows 11 , 64 bit Build 22621 (10.0.22621.2070) elapsed time: 0.058439 seconds (0d 0h 0m 0s)

---------------  T H R E A D  ---------------

Current thread (0x0000022524218800):  JavaThread "Unknown thread" [_thread_in_vm, id=30460, stack(0x000000411ae00000,0x000000411af00000)]

Stack: [0x000000411ae00000,0x000000411af00000]
Native frames: (J=compiled Java code, j=interpreted, Vv=VM code, C=native code)
V  [jvm.dll+0x6602ba]
V  [jvm.dll+0x7a32af]
V  [jvm.dll+0x7a4979]
V  [jvm.dll+0x7a5013]
V  [jvm.dll+0x258ef5]
V  [jvm.dll+0x65d619]
V  [jvm.dll+0x652375]
V  [jvm.dll+0x31359d]
V  [jvm.dll+0x313402]
V  [jvm.dll+0x318036]
V  [jvm.dll+0x360130]
V  [jvm.dll+0x35fba2]
V  [jvm.dll+0x2eec28]
V  [jvm.dll+0x2efd35]
V  [jvm.dll+0x77c327]
V  [jvm.dll+0x77dc0f]
V  [jvm.dll+0x36d3d9]
V  [jvm.dll+0x760d0f]
V  [jvm.dll+0x3df467]
V  [jvm.dll+0x3e1511]
C  [jli.dll+0x52e7]
C  [ucrtbase.dll+0x29363]
C  [KERNEL32.DLL+0x126ad]
C  [ntdll.dll+0x5aa68]


---------------  P R O C E S S  ---------------

Threads class SMR info:
_java_thread_list=0x0000022521fd0590, length=0, elements={
}

Java Threads: ( => current thread )

Other Threads:
  0x0000022524231000 GCTaskThread "GC Thread#0" [stack: 0x000000411b000000,0x000000411b100000] [id=30044]
  0x000002252428c800 ConcurrentGCThread "G1 Main Marker" [stack: 0x000000411b100000,0x000000411b200000] [id=30048]
  0x000002252428e800 ConcurrentGCThread "G1 Conc#0" [stack: 0x000000411b200000,0x000000411b300000] [id=30052]

[error occurred during error reporting (printing all threads), id 0xc0000005, EXCEPTION_ACCESS_VIOLATION (0xc0000005) at pc=0x00007ff80403f6e7]

VM state:not at safepoint (not fully initialized)

VM Mutex/Monitor currently owned by a thread:  ([mutex/lock_event])
[0x0000022524216040] Heap_lock - owner thread: 0x0000022524218800

Heap address: 0x0000000703400000, size: 4044 MB, Compressed Oops mode: Non-zero based: 0x0000000703400000
Narrow klass base: 0x0000000000000000, Narrow klass shift: 0

GC Heap History (0 events):
No events

Deoptimization events (0 events):
No events

Classes redefined (0 events):
No events

Internal exceptions (0 events):
No events

Events (0 events):
No events


Dynamic libraries:
0x00007ff7704a0000 - 0x00007ff7704b0000 	C:\Program Files\Java\jdk-11\bin\java.exe
0x00007ff8a1d50000 - 0x00007ff8a1f64000 	C:\Windows\SYSTEM32\ntdll.dll
0x00007ff89fb20000 - 0x00007ff89fbe4000 	C:\Windows\System32\KERNEL32.DLL
0x00007ff89f760000 - 0x00007ff89fb04000 	C:\Windows\System32\KERNELBASE.dll
0x00007ff89f4d0000 - 0x00007ff89f5e1000 	C:\Windows\System32\ucrtbase.dll
0x00007ff89b400000 - 0x00007ff89b419000 	C:\Program Files\Java\jdk-11\bin\jli.dll
0x00007ff89ffb0000 - 0x00007ff8a0060000 	C:\Windows\System32\ADVAPI32.dll
0x00007ff8a1360000 - 0x00007ff8a1407000 	C:\Windows\System32\msvcrt.dll
0x00007ff8a1af0000 - 0x00007ff8a1b96000 	C:\Windows\System32\sechost.dll
0x00007ff89fbf0000 - 0x00007ff89fd07000 	C:\Windows\System32\RPCRT4.dll
0x00007ff8a03f0000 - 0x00007ff8a059a000 	C:\Windows\System32\USER32.dll
0x00007ff89f130000 - 0x00007ff89f156000 	C:\Windows\System32\win32u.dll
0x00007ff8a1890000 - 0x00007ff8a18b9000 	C:\Windows\System32\GDI32.dll
0x00007ff89f3b0000 - 0x00007ff89f4c9000 	C:\Windows\System32\gdi32full.dll
0x00007ff89f310000 - 0x00007ff89f3aa000 	C:\Windows\System32\msvcp_win.dll
0x00007ff8874d0000 - 0x00007ff8874eb000 	C:\Program Files\Java\jdk-11\bin\VCRUNTIME140.dll
0x00007ff87e950000 - 0x00007ff87ebdf000 	C:\Windows\WinSxS\amd64_microsoft.windows.common-controls_6595b64144ccf1df_6.0.22621.2070_none_2713e6537381f706\COMCTL32.dll
0x00007ff8964a0000 - 0x00007ff8964aa000 	C:\Windows\SYSTEM32\VERSION.dll
0x00007ff89fef0000 - 0x00007ff89ff21000 	C:\Windows\System32\IMM32.DLL
0x00007ff89b3d0000 - 0x00007ff89b3dc000 	C:\Program Files\Java\jdk-11\bin\vcruntime140_1.dll
0x00007ff865c00000 - 0x00007ff865c8e000 	C:\Program Files\Java\jdk-11\bin\msvcp140.dll
0x00007ff803d40000 - 0x00007ff8048ad000 	C:\Program Files\Java\jdk-11\bin\server\jvm.dll
0x00007ff8a1350000 - 0x00007ff8a1358000 	C:\Windows\System32\PSAPI.DLL
0x00007ff89aa00000 - 0x00007ff89aa09000 	C:\Windows\SYSTEM32\WSOCK32.dll
0x00007ff8a0310000 - 0x00007ff8a0381000 	C:\Windows\System32\WS2_32.dll
0x00007ff894d10000 - 0x00007ff894d44000 	C:\Windows\SYSTEM32\WINMM.dll
0x00007ff89e260000 - 0x00007ff89e278000 	C:\Windows\SYSTEM32\kernel.appcore.dll
0x00007ff89a910000 - 0x00007ff89a920000 	C:\Program Files\Java\jdk-11\bin\verify.dll
0x00007ff89c890000 - 0x00007ff89cabe000 	C:\Windows\SYSTEM32\DBGHELP.DLL
0x00007ff8a0730000 - 0x00007ff8a0aba000 	C:\Windows\System32\combase.dll
0x00007ff8a1ba0000 - 0x00007ff8a1c77000 	C:\Windows\System32\OLEAUT32.dll
0x00007ff88b3c0000 - 0x00007ff88b3f2000 	C:\Windows\SYSTEM32\dbgcore.DLL
0x00007ff89f290000 - 0x00007ff89f30a000 	C:\Windows\System32\bcryptPrimitives.dll
0x00007ff880470000 - 0x00007ff880498000 	C:\Program Files\Java\jdk-11\bin\java.dll
0x00007ff883680000 - 0x00007ff88368a000 	C:\Program Files\Java\jdk-11\bin\jimage.dll
0x00007ff87b120000 - 0x00007ff87b137000 	C:\Program Files\Java\jdk-11\bin\zip.dll

dbghelp: loaded successfully - version: 4.0.5 - missing functions: none
symbol engine: initialized successfully - sym options: 0x614 - pdb path: .;C:\Program Files\Java\jdk-11\bin;C:\Windows\SYSTEM32;C:\Windows\WinSxS\amd64_microsoft.windows.common-controls_6595b64144ccf1df_6.0.22621.2070_none_2713e6537381f706;C:\Program Files\Java\jdk-11\bin\server

VM Arguments:
java_command: org.jetbrains.kotlin.cli.jvm.K2JVMCompiler @E:\project\react-native\MyApp\node_modules\react-native-vision-camera\android\build\20231202_12922569295635088845.compiler.options
java_class_path (initial): C:\Users\xm\.gradle\caches\modules-2\files-2.1\org.jetbrains.kotlin\kotlin-compiler-embeddable\1.7.20\8db18559a581dd2c36ddfd5046af145650f5b126\kotlin-compiler-embeddable-1.7.20.jar;C:\Users\xm\.gradle\caches\modules-2\files-2.1\org.jetbrains.kotlin\kotlin-reflect\1.7.20\12b2501e33bb6373e8e347c86d85481863629381\kotlin-reflect-1.7.20.jar;C:\Users\xm\.gradle\caches\modules-2\files-2.1\org.jetbrains.kotlin\kotlin-stdlib\1.7.20\726594ea9ba2beb2ee113647fefa9a10f9fabe52\kotlin-stdlib-1.7.20.jar;C:\Users\xm\.gradle\caches\modules-2\files-2.1\org.jetbrains.kotlin\kotlin-script-runtime\1.7.20\bcd1cc6f865e632550357fcc59f5ffd532615a8\kotlin-script-runtime-1.7.20.jar;C:\Users\xm\.gradle\caches\modules-2\files-2.1\org.jetbrains.kotlin\kotlin-daemon-embeddable\1.7.20\1e24355adad8d529d75d5b19eab55484057431ba\kotlin-daemon-embeddable-1.7.20.jar;C:\Users\xm\.gradle\caches\modules-2\files-2.1\org.jetbrains.intellij.deps\trove4j\1.0.20200330\3afb14d5f9ceb459d724e907a21145e8ff394f02\trove4j-1.0.20200330.jar;C:\Users\xm\.gradle\caches\modules-2\files-2.1\net.java.dev.jna\jna\5.6.0\330f2244e9030119ab3030fc3fededc86713d9cc\jna-5.6.0.jar;C:\Users\xm\.gradle\caches\modules-2\files-2.1\org.jetbrains.kotlin\kotlin-stdlib-common\1.7.20\e15351bdaf9fa06f009be5da7a202e4184f00ae3\kotlin-stdlib-common-1.7.20.jar;C:\Users\xm\.gradle\caches\modules-2\files-2.1\org.jetbrains\annotations\13.0\919f0dfe192fb4e063e7dacadee7f8bb9a2672a9\annotations-13.0.jar
Launcher Type: SUN_STANDARD

[Global flags]
     intx CICompilerCount                          = 12                                        {product} {ergonomic}
     uint ConcGCThreads                            = 4                                         {product} {ergonomic}
     uint G1ConcRefinementThreads                  = 15                                        {product} {ergonomic}
   size_t G1HeapRegionSize                         = 1048576                                   {product} {ergonomic}
    uintx GCDrainStackTargetSize                   = 64                                        {product} {ergonomic}
   size_t InitialHeapSize                          = 266338304                                 {product} {ergonomic}
   size_t MarkStackSize                            = 4194304                                   {product} {ergonomic}
   size_t MaxHeapSize                              = 4240441344                                {product} {ergonomic}
   size_t MinHeapDeltaBytes                        = 1048576                                   {product} {ergonomic}
    uintx NonNMethodCodeHeapSize                   = 7594288                                {pd product} {ergonomic}
    uintx NonProfiledCodeHeapSize                  = 122031976                              {pd product} {ergonomic}
    uintx ProfiledCodeHeapSize                     = 122031976                              {pd product} {ergonomic}
    uintx ReservedCodeCacheSize                    = 251658240                              {pd product} {ergonomic}
     bool SegmentedCodeCache                       = true                                      {product} {ergonomic}
     bool UseCompressedClassPointers               = true                                 {lp64_product} {ergonomic}
     bool UseCompressedOops                        = true                                 {lp64_product} {ergonomic}
     bool UseG1GC                                  = true                                      {product} {ergonomic}
     bool UseLargePagesIndividualAllocation        = false                                  {pd product} {ergonomic}

Logging:
Log output configuration:
 #0: stdout all=warning uptime,level,tags
 #1: stderr all=off uptime,level,tags

Environment Variables:
CLASSPATH=E:\project\react-native\MyApp\android\\gradle\wrapper\gradle-wrapper.jar
PATH=E:\project\react-native\MyApp\node_modules\.bin;E:\project\react-native\MyApp\node_modules\.bin;E:\project\react-native\node_modules\.bin;E:\project\node_modules\.bin;E:\node_modules\.bin;C:\Users\xm\AppData\Roaming\npm\node_modules\npm\node_modules\@npmcli\run-script\lib\node-gyp-bin;C:\Users\xm\AppData\Local\Temp\yarn--1701527438603-0.3424535059519844;E:\project\react-native\MyApp\node_modules\.bin;C:\Users\xm\AppData\Local\Yarn\Data\link\node_modules\.bin;C:\Users\xm\AppData\Local\Yarn\bin;E:\Program Files\libexec\lib\node_modules\npm\bin\node-gyp-bin;E:\Program Files\lib\node_modules\npm\bin\node-gyp-bin;E:\Program Files\nodejs\node_modules\npm\bin\node-gyp-bin;D:\Program Files\flutter\bin\cache\dart-sdk\bin\;C:\Program Files\Common Files\Oracle\Java\javapath;C:\Python311\Scripts\;C:\Python311\;C:\Windows\system32;C:\Windows;C:\Windows\System32\Wbem;C:\Windows\System32\WindowsPowerShell\v1.0\;C:\Windows\System32\OpenSSH\;E:\Program Files\nodejs\;C:\ProgramData\chocolatey\bin;D:\Program Files\Tencent\微信web开发者工具\dll;C:\Program Fi;es (x86)\Tencent\weixinwork\dll;d:\Program Files (x86)\Tencent\weixinwork\dll;E:\Program Files\Git\cmd;C:\Users\xm\AppData\Local\Microsoft\WindowsApps;D:\Program Files\Microsoft VS Code\bin;C:\Users\xm\AppData\Roaming\npm;D:\Program Files\Android\Sdk\platform-tools;D:\Program Files\Android\Sdk\emulator;D:\Program Files\Android\Sdk\tools;D:\Program Files\Android\Sdk\tools\bin;E:\Program Files\Git\usr\bin;D:\Program Files\watchman-v2023.10.09.00-windows\bin;D:\Program Files\mingw64\bin;D:\Program Files\flutter\bin;
USERNAME=xm
OS=Windows_NT
PROCESSOR_IDENTIFIER=Intel64 Family 6 Model 151 Stepping 2, GenuineIntel



---------------  S Y S T E M  ---------------

OS: Windows 11 , 64 bit Build 22621 (10.0.22621.2070)

CPU:total 20 (initial active 20) (10 cores per cpu, 2 threads per core) family 6 model 151 stepping 2 microcode 0x1f, cmov, cx8, fxsr, mmx, sse, sse2, sse3, ssse3, sse4.1, sse4.2, popcnt, avx, avx2, aes, clmul, erms, 3dnowpref, lzcnt, ht, tsc, tscinvbit, bmi1, bmi2, adx, sha, fma

Memory: 4k page, system-wide physical 16171M (73M free)
TotalPageFile size 35309M (AvailPageFile size 159M)
current process WorkingSet (physical memory assigned to process): 11M, peak: 11M
current process commit charge ("private bytes"): 76M, peak: 330M

vm_info: Java HotSpot(TM) 64-Bit Server VM (11.0.20+9-LTS-256) for windows-amd64 JRE (11.0.20+9-LTS-256), built on Jun 14 2023 10:34:22 by "mach5one" with MS VC++ 17.1 (VS2022)

END.
